2026-06-22 17:01:52.078 | INFO     | backend.main:lifespan:27 - Iniciando conexión a base de datos...
2026-06-22 17:01:52.078 | INFO     | backend.main:lifespan:27 - Iniciando conexión a base de datos...
2026-06-22 17:01:52.201 | INFO     | backend.main:lifespan:29 - Aplicación iniciada correctamente
2026-06-22 17:01:52.211 | INFO     | backend.main:lifespan:29 - Aplicación iniciada correctamente
2026-06-22 17:01:57.214 | INFO     | backend.main:lifespan:27 - Iniciando conexión a base de datos...
2026-06-22 17:01:57.240 | INFO     | backend.main:lifespan:29 - Aplicación iniciada correctamente
2026-06-22 17:57:42.600 | INFO     | backend.main:lifespan:32 - Cerrando conexión a base de datos...
2026-06-22 17:57:42.600 | INFO     | backend.main:lifespan:34 - Aplicación detenida
2026-06-22 17:57:42.630 | INFO     | backend.main:lifespan:32 - Cerrando conexión a base de datos...
2026-06-22 17:57:42.631 | INFO     | backend.main:lifespan:34 - Aplicación detenida
2026-06-22 17:57:42.631 | INFO     | backend.main:lifespan:34 - Aplicación detenida
2026-06-22 17:57:43.860 | INFO     | backend.main:lifespan:27 - Iniciando conexión a base de datos...
2026-06-22 17:57:43.860 | INFO     | backend.main:lifespan:27 - Iniciando conexión a base de datos...
2026-06-22 17:57:43.900 | INFO     | backend.main:lifespan:27 - Iniciando conexión a base de datos...
2026-06-22 17:57:45.213 | INFO     | backend.main:lifespan:27 - Iniciando conexión a base de datos...
2026-06-22 17:57:45.217 | INFO     | backend.main:lifespan:27 - Iniciando conexión a base de datos...
2026-06-22 17:57:45.227 | INFO     | backend.main:lifespan:29 - Aplicación iniciada correctamente
2026-06-22 17:57:45.235 | INFO     | backend.main:lifespan:29 - Aplicación iniciada correctamente
2026-06-22 17:57:45.252 | INFO     | backend.main:lifespan:27 - Iniciando conexión a base de datos...
2026-06-22 17:57:45.281 | INFO     | backend.main:lifespan:29 - Aplicación iniciada correctamente
2026-06-22 18:01:48.271 | INFO     | backend.main:lifespan:32 - Cerrando conexión a base de datos...
2026-06-22 18:01:48.271 | INFO     | backend.main:lifespan:34 - Aplicación detenida
2026-06-22 18:01:48.303 | INFO     | backend.main:lifespan:32 - Cerrando conexión a base de datos...
2026-06-22 18:01:48.303 | INFO     | backend.main:lifespan:34 - Aplicación detenida
2026-06-22 18:01:48.318 | INFO     | backend.main:lifespan:32 - Cerrando conexión a base de datos...
2026-06-22 18:01:48.319 | INFO     | backend.main:lifespan:34 - Aplicación detenida
2026-06-22 18:01:49.662 | INFO     | backend.main:lifespan:27 - Iniciando conexión a base de datos...
2026-06-22 18:01:49.662 | INFO     | backend.main:lifespan:27 - Iniciando conexión a base de datos...
2026-06-22 18:01:49.673 | INFO     | backend.main:lifespan:27 - Iniciando conexión a base de datos...
2026-06-22 18:01:50.946 | INFO     | backend.main:lifespan:27 - Iniciando conexión a base de datos...
2026-06-22 18:01:50.946 | INFO     | backend.main:lifespan:27 - Iniciando conexión a base de datos...
2026-06-22 18:01:50.949 | INFO     | backend.main:lifespan:27 - Iniciando conexión a base de datos...
2026-06-22 18:01:50.956 | INFO     | backend.main:lifespan:29 - Aplicación iniciada correctamente
2026-06-22 18:01:50.956 | INFO     | backend.main:lifespan:29 - Aplicación iniciada correctamente
2026-06-22 18:01:50.982 | INFO     | backend.main:lifespan:29 - Aplicación iniciada correctamente
2026-06-22 18:14:16.239 | INFO     | backend.main:lifespan:32 - Cerrando conexión a base de datos...
2026-06-22 18:14:16.240 | INFO     | backend.main:lifespan:34 - Aplicación detenida
2026-06-22 18:14:16.255 | INFO     | backend.main:lifespan:32 - Cerrando conexión a base de datos...
2026-06-22 18:14:16.255 | INFO     | backend.main:lifespan:32 - Cerrando conexión a base de datos...
2026-06-22 18:14:16.255 | INFO     | backend.main:lifespan:34 - Aplicación detenida
2026-06-22 18:14:16.255 | INFO     | backend.main:lifespan:34 - Aplicación detenida
2026-06-22 18:14:17.420 | INFO     | backend.main:lifespan:27 - Iniciando conexión a base de datos...
2026-06-22 18:14:17.420 | INFO     | backend.main:lifespan:27 - Iniciando conexión a base de datos...
2026-06-22 18:14:17.420 | INFO     | backend.main:lifespan:27 - Iniciando conexión a base de datos...
2026-06-22 18:14:17.430 | INFO     | backend.database:connect_db:24 - [OK] Conectado a MongoDB: mongodb://localhost:27017/helpdesk_db
2026-06-22 18:14:17.430 | INFO     | backend.main:lifespan:29 - Aplicación iniciada correctamente
2026-06-22 18:14:17.449 | INFO     | backend.database:connect_db:24 - [OK] Conectado a MongoDB: mongodb://localhost:27017/helpdesk_db
2026-06-22 18:14:17.450 | INFO     | backend.main:lifespan:29 - Aplicación iniciada correctamente
2026-06-22 18:14:17.449 | INFO     | backend.database:connect_db:24 - [OK] Conectado a MongoDB: mongodb://localhost:27017/helpdesk_db
2026-06-22 18:14:17.450 | INFO     | backend.main:lifespan:29 - Aplicación iniciada correctamente
2026-06-24 15:07:59.422 | INFO     | backend.main:lifespan:27 - Iniciando conexión a base de datos...
2026-06-24 15:07:59.588 | INFO     | backend.database:connect_db:24 - [OK] Conectado a MongoDB: mongodb://localhost:27017/helpdesk_db
2026-06-24 15:07:59.588 | INFO     | backend.main:lifespan:29 - Aplicación iniciada correctamente
